[2021-01-19 00:15:44 INFO]: install::setup-logging ended
================
[2021-01-19 00:15:44 INFO]: install::start-up started
[2021-01-19 00:15:44 INFO]: install::start-up running image
[2021-01-19 00:15:44 INFO]: install::start-up ended
================
[2021-01-19 00:16:06 INFO]: install::root-check started
[2021-01-19 00:16:06 INFO]: install::root-check ended
================
[2021-01-19 00:16:06 INFO]: install::docker-check started
[2021-01-19 00:16:06 INFO]: install::docker-check ended
================
[2021-01-19 00:16:10 INFO]: install::root-check started
[2021-01-19 00:16:10 INFO]: install::root-check ended
================
[2021-01-19 00:16:10 INFO]: install::docker-check started
[2021-01-19 00:16:10 INFO]: install::docker-check ended
================
[2021-01-19 00:16:10 INFO]: install::tear-down started
[2021-01-19 00:16:10 INFO]: install::tear-down services removed
[2021-01-19 00:16:10 INFO]: install::tear-down ended
================
